# JRE version: OpenJDK Runtime Environment Corretto-17.0.6.10.1 (17.0.6+10) (build 17.0.6+10-LTS)
# Java VM: OpenJDK 64-Bit Server VM Corretto-17.0.6.10.1 (17.0.6+10-LTS, mixed mode, sharing, tiered, compressed oops, compressed class ptrs, g1 gc, windows-amd64)
GC Precious Log:
 CPUs: 20 total, 20 available
 Memory: 65217M
 Large Page Support: Disabled
 NUMA Support: Disabled
 Compressed Oops: Enabled (Zero based)
 Heap Region Size: 4M
 Heap Min Capacity: 8M
 Heap Initial Capacity: 1020M
 Heap Max Capacity: 6G
 Pre-touch: Disabled
 Parallel Workers: 15
 Concurrent Workers: 4
 Concurrent Refinement Workers: 15
 Periodic GC: Disabled
Heap:
 garbage-first heap   total 737280K, used 192527K [0x0000000680000000, 0x0000000800000000)
  region size 4096K, 1 young (4096K), 0 survivors (0K)
 Metaspace       used 80126K, committed 80832K, reserved 1122304K
  class space    used 10092K, committed 10368K, reserved 1048576K
GC Heap History (20 events):
Event: 14.919 GC heap before
{Heap before GC invocations=19 (full 0):
 garbage-first heap   total 380928K, used 162389K [0x0000000680000000, 0x0000000800000000)
  region size 4096K, 12 young (49152K), 11 survivors (45056K)
 Metaspace       used 66022K, committed 66688K, reserved 1114112K
  class space    used 8863K, committed 9152K, reserved 1048576K
}
Event: 14.930 GC heap after
{Heap after GC invocations=20 (full 0):
 garbage-first heap   total 380928K, used 165312K [0x0000000680000000, 0x0000000800000000)
  region size 4096K, 2 young (8192K), 2 survivors (8192K)
 Metaspace       used 66022K, committed 66688K, reserved 1114112K
  class space    used 8863K, committed 9152K, reserved 1048576K
}
Event: 14.997 GC heap before
{Heap before GC invocations=20 (full 0):
 garbage-first heap   total 380928K, used 267712K [0x0000000680000000, 0x0000000800000000)
  region size 4096K, 28 young (114688K), 2 survivors (8192K)
 Metaspace       used 66039K, committed 66688K, reserved 1114112K
  class space    used 8864K, committed 9152K, reserved 1048576K
}
Event: 15.008 GC heap after
{Heap after GC invocations=21 (full 0):
 garbage-first heap   total 380928K, used 178054K [0x0000000680000000, 0x0000000800000000)
  region size 4096K, 4 young (16384K), 4 survivors (16384K)
 Metaspace       used 66039K, committed 66688K, reserved 1114112K
  class space    used 8864K, committed 9152K, reserved 1048576K
}
Event: 15.094 GC heap before
{Heap before GC invocations=21 (full 0):
 garbage-first heap   total 380928K, used 276358K [0x0000000680000000, 0x0000000800000000)
  region size 4096K, 28 young (114688K), 4 survivors (16384K)
 Metaspace       used 66041K, committed 66688K, reserved 1114112K
  class space    used 8864K, committed 9152K, reserved 1048576K
}
Event: 15.098 GC heap after
{Heap after GC invocations=22 (full 0):
 garbage-first heap   total 380928K, used 195262K [0x0000000680000000, 0x0000000800000000)
  region size 4096K, 4 young (16384K), 4 survivors (16384K)
 Metaspace       used 66041K, committed 66688K, reserved 1114112K
  class space    used 8864K, committed 9152K, reserved 1048576K
}
Event: 15.150 GC heap before
{Heap before GC invocations=22 (full 0):
 garbage-first heap   total 380928K, used 281278K [0x0000000680000000, 0x0000000800000000)
  region size 4096K, 26 young (106496K), 4 survivors (16384K)
 Metaspace       used 66045K, committed 66688K, reserved 1114112K
  class space    used 8865K, committed 9152K, reserved 1048576K
}
Event: 15.154 GC heap after
{Heap after GC invocations=23 (full 0):
 garbage-first heap   total 380928K, used 214134K [0x0000000680000000, 0x0000000800000000)
  region size 4096K, 4 young (16384K), 4 survivors (16384K)
 Metaspace       used 66045K, committed 66688K, reserved 1114112K
  class space    used 8865K, committed 9152K, reserved 1048576K
}
Event: 15.181 GC heap before
{Heap before GC invocations=23 (full 0):
 garbage-first heap   total 380928K, used 287862K [0x0000000680000000, 0x0000000800000000)
  region size 4096K, 22 young (90112K), 4 survivors (16384K)
 Metaspace       used 66046K, committed 66688K, reserved 1114112K
  class space    used 8865K, committed 9152K, reserved 1048576K
}
Event: 15.189 GC heap after
{Heap after GC invocations=24 (full 0):
 garbage-first heap   total 1093632K, used 227138K [0x0000000680000000, 0x0000000800000000)
  region size 4096K, 3 young (12288K), 3 survivors (12288K)
 Metaspace       used 66046K, committed 66688K, reserved 1114112K
  class space    used 8865K, committed 9152K, reserved 1048576K
}
Event: 15.566 GC heap before
{Heap before GC invocations=25 (full 0):
 garbage-first heap   total 1093632K, used 694082K [0x0000000680000000, 0x0000000800000000)
  region size 4096K, 119 young (487424K), 3 survivors (12288K)
 Metaspace       used 66099K, committed 66752K, reserved 1114112K
  class space    used 8874K, committed 9152K, reserved 1048576K
}
Event: 15.599 GC heap after
{Heap after GC invocations=26 (full 0):
 garbage-first heap   total 1093632K, used 288747K [0x0000000680000000, 0x0000000800000000)
  region size 4096K, 15 young (61440K), 15 survivors (61440K)
 Metaspace       used 66099K, committed 66752K, reserved 1114112K
  class space    used 8874K, committed 9152K, reserved 1048576K
}
Event: 15.969 GC heap before
{Heap before GC invocations=26 (full 0):
 garbage-first heap   total 1093632K, used 727019K [0x0000000680000000, 0x0000000800000000)
  region size 4096K, 122 young (499712K), 15 survivors (61440K)
 Metaspace       used 66111K, committed 66752K, reserved 1114112K
  class space    used 8878K, committed 9152K, reserved 1048576K
}
Event: 15.994 GC heap after
{Heap after GC invocations=27 (full 0):
 garbage-first heap   total 1093632K, used 392303K [0x0000000680000000, 0x0000000800000000)
  region size 4096K, 16 young (65536K), 16 survivors (65536K)
 Metaspace       used 66111K, committed 66752K, reserved 1114112K
  class space    used 8878K, committed 9152K, reserved 1048576K
}
Event: 16.486 GC heap before
{Heap before GC invocations=27 (full 0):
 garbage-first heap   total 1093632K, used 752751K [0x0000000680000000, 0x0000000800000000)
  region size 4096K, 104 young (425984K), 16 survivors (65536K)
 Metaspace       used 66598K, committed 67264K, reserved 1114112K
  class space    used 8923K, committed 9216K, reserved 1048576K
}
Event: 16.550 GC heap after
{Heap after GC invocations=28 (full 0):
 garbage-first heap   total 1093632K, used 605198K [0x0000000680000000, 0x0000000800000000)
  region size 4096K, 13 young (53248K), 13 survivors (53248K)
 Metaspace       used 66598K, committed 67264K, reserved 1114112K
  class space    used 8923K, committed 9216K, reserved 1048576K
}
Event: 17.022 GC heap before
{Heap before GC invocations=29 (full 0):
 garbage-first heap   total 1126400K, used 809998K [0x0000000680000000, 0x0000000800000000)
  region size 4096K, 63 young (258048K), 13 survivors (53248K)
 Metaspace       used 66839K, committed 67520K, reserved 1114112K
  class space    used 8947K, committed 9280K, reserved 1048576K
}
Event: 17.037 GC heap after
{Heap after GC invocations=30 (full 0):
 garbage-first heap   total 1126400K, used 630199K [0x0000000680000000, 0x0000000800000000)
  region size 4096K, 4 young (16384K), 4 survivors (16384K)
 Metaspace       used 66839K, committed 67520K, reserved 1114112K
  class space    used 8947K, committed 9280K, reserved 1048576K
}
Event: 17.189 GC heap before
{Heap before GC invocations=30 (full 0):
 garbage-first heap   total 1126400K, used 667063K [0x0000000680000000, 0x0000000800000000)
  region size 4096K, 13 young (53248K), 4 survivors (16384K)
 Metaspace       used 67385K, committed 68160K, reserved 1114112K
  class space    used 9005K, committed 9344K, reserved 1048576K
}
Event: 17.199 GC heap after
{Heap after GC invocations=31 (full 0):
 garbage-first heap   total 1126400K, used 638301K [0x0000000680000000, 0x0000000800000000)
  region size 4096K, 2 young (8192K), 2 survivors (8192K)
 Metaspace       used 67385K, committed 68160K, reserved 1114112K
  class space    used 9005K, committed 9344K, reserved 1048576K
}

